
[1119/094842.787:ERROR:directory_reader_win.cc(43)] FindFirstFile: ÏµÍ³ï¿½Ò²ï¿½ï¿½ï¿½Ö¸ï¿½ï¿½ï¿½ï¿½Â·ï¿½ï¿½ï¿½ï¿½ (0x3)
[1120/142341.716:ERROR:directory_reader_win.cc(43)] FindFirstFile: ÏµÍ³ï¿½Ò²ï¿½ï¿½ï¿½Ö¸ï¿½ï¿½ï¿½ï¿½Â·ï¿½ï¿½ï¿½ï¿½ (0x3)
[1120/235028.171:ERROR:directory_reader_win.cc(43)] FindFirstFile: ÏµÍ³ï¿½Ò²ï¿½ï¿½ï¿½Ö¸ï¿½ï¿½ï¿½ï¿½Â·ï¿½ï¿½ï¿½ï¿½ (0x3)
[1121/101107.431:ERROR:directory_reader_win.cc(43)] FindFirstFile: ÏµÍ³ï¿½Ò²ï¿½ï¿½ï¿½Ö¸ï¿½ï¿½ï¿½ï¿½Â·ï¿½ï¿½ï¿½ï¿½ (0x3)
[1122/104645.676:ERROR:directory_reader_win.cc(43)] FindFirstFile: ÏµÍ³ï¿½Ò²ï¿½ï¿½ï¿½Ö¸ï¿½ï¿½ï¿½ï¿½Â·ï¿½ï¿½ï¿½ï¿½ (0x3)
[1122/221925.091:ERROR:directory_reader_win.cc(43)] FindFirstFile: ÏµÍ³ï¿½Ò²ï¿½ï¿½ï¿½Ö¸ï¿½ï¿½ï¿½ï¿½Â·ï¿½ï¿½ï¿½ï¿½ (0x3)
[1123/094220.200:ERROR:directory_reader_win.cc(43)] FindFirstFile: ÏµÍ³ï¿½Ò²ï¿½ï¿½ï¿½Ö¸ï¿½ï¿½ï¿½ï¿½Â·ï¿½ï¿½ï¿½ï¿½ (0x3)
[1123/160301.772:ERROR:directory_reader_win.cc(43)] FindFirstFile: ÏµÍ³ï¿½Ò²ï¿½ï¿½ï¿½Ö¸ï¿½ï¿½ï¿½ï¿½Â·ï¿½ï¿½ï¿½ï¿½ (0x3)
[1124/102740.038:ERROR:directory_reader_win.cc(43)] FindFirstFile: ÏµÍ³ï¿½Ò²ï¿½ï¿½ï¿½Ö¸ï¿½ï¿½ï¿½ï¿½Â·ï¿½ï¿½ï¿½ï¿½ (0x3)
[1124/141550.177:ERROR:directory_reader_win.cc(43)] FindFirstFile: ÏµÍ³ï¿½Ò²ï¿½ï¿½ï¿½Ö¸ï¿½ï¿½ï¿½ï¿½Â·ï¿½ï¿½ï¿½ï¿½ (0x3)
[1124/191839.570:ERROR:directory_reader_win.cc(43)] FindFirstFile: ÏµÍ³ï¿½Ò²ï¿½ï¿½ï¿½Ö¸ï¿½ï¿½ï¿½ï¿½Â·ï¿½ï¿½ï¿½ï¿½ (0x3)
[1127/101638.136:ERROR:directory_reader_win.cc(43)] FindFirstFile: ÏµÍ³ï¿½Ò²ï¿½ï¿½ï¿½Ö¸ï¿½ï¿½ï¿½ï¿½Â·ï¿½ï¿½ï¿½ï¿½ (0x3)
[1127/142049.395:ERROR:directory_reader_win.cc(43)] FindFirstFile: ÏµÍ³ï¿½Ò²ï¿½ï¿½ï¿½Ö¸ï¿½ï¿½ï¿½ï¿½Â·ï¿½ï¿½ï¿½ï¿½ (0x3)
[1128/224621.267:ERROR:directory_reader_win.cc(43)] FindFirstFile: ÏµÍ³ï¿½Ò²ï¿½ï¿½ï¿½Ö¸ï¿½ï¿½ï¿½ï¿½Â·ï¿½ï¿½ï¿½ï¿½ (0x3)
[1130/125158.890:ERROR:directory_reader_win.cc(43)] FindFirstFile: ÏµÍ³ï¿½Ò²ï¿½ï¿½ï¿½Ö¸ï¿½ï¿½ï¿½ï¿½Â·ï¿½ï¿½ï¿½ï¿½ (0x3)
[1201/085034.320:ERROR:directory_reader_win.cc(43)] FindFirstFile: ÏµÍ³ï¿½Ò²ï¿½ï¿½ï¿½Ö¸ï¿½ï¿½ï¿½ï¿½Â·ï¿½ï¿½ï¿½ï¿½ (0x3)
[1201/105708.956:ERROR:directory_reader_win.cc(43)] FindFirstFile: ÏµÍ³ï¿½Ò²ï¿½ï¿½ï¿½Ö¸ï¿½ï¿½ï¿½ï¿½Â·ï¿½ï¿½ï¿½ï¿½ (0x3)
[1204/101620.798:ERROR:directory_reader_win.cc(43)] FindFirstFile: ÏµÍ³ï¿½Ò²ï¿½ï¿½ï¿½Ö¸ï¿½ï¿½ï¿½ï¿½Â·ï¿½ï¿½ï¿½ï¿½ (0x3)
[1204/140809.994:ERROR:directory_reader_win.cc(43)] FindFirstFile: ÏµÍ³ï¿½Ò²ï¿½ï¿½ï¿½Ö¸ï¿½ï¿½ï¿½ï¿½Â·ï¿½ï¿½ï¿½ï¿½ (0x3)
[1205/084604.056:ERROR:directory_reader_win.cc(43)] FindFirstFile: ÏµÍ³ï¿½Ò²ï¿½ï¿½ï¿½Ö¸ï¿½ï¿½ï¿½ï¿½Â·ï¿½ï¿½ï¿½ï¿½ (0x3)
[1207/082746.194:ERROR:directory_reader_win.cc(43)] FindFirstFile: ÏµÍ³ï¿½Ò²ï¿½ï¿½ï¿½Ö¸ï¿½ï¿½ï¿½ï¿½Â·ï¿½ï¿½ï¿½ï¿½ (0x3)
[1207/090616.424:ERROR:directory_reader_win.cc(43)] FindFirstFile: ÏµÍ³ï¿½Ò²ï¿½ï¿½ï¿½Ö¸ï¿½ï¿½ï¿½ï¿½Â·ï¿½ï¿½ï¿½ï¿½ (0x3)
[1207/144118.616:ERROR:directory_reader_win.cc(43)] FindFirstFile: ÏµÍ³ï¿½Ò²ï¿½ï¿½ï¿½Ö¸ï¿½ï¿½ï¿½ï¿½Â·ï¿½ï¿½ï¿½ï¿½ (0x3)
[1208/103500.137:ERROR:directory_reader_win.cc(43)] FindFirstFile: ÏµÍ³ï¿½Ò²ï¿½ï¿½ï¿½Ö¸ï¿½ï¿½ï¿½ï¿½Â·ï¿½ï¿½ï¿½ï¿½ (0x3)
[1208/142953.244:ERROR:directory_reader_win.cc(43)] FindFirstFile: ÏµÍ³ï¿½Ò²ï¿½ï¿½ï¿½Ö¸ï¿½ï¿½ï¿½ï¿½Â·ï¿½ï¿½ï¿½ï¿½ (0x3)
[1212/095958.815:ERROR:directory_reader_win.cc(43)] FindFirstFile: ÏµÍ³ï¿½Ò²ï¿½ï¿½ï¿½Ö¸ï¿½ï¿½ï¿½ï¿½Â·ï¿½ï¿½ï¿½ï¿½ (0x3)[1214/153408.466:ERROR:directory_reader_win.cc(43)] FindFirstFile: ÏµÍ³ÕÒ²»µ½Ö¸¶¨µÄÂ·¾¶¡£ (0x3)
[1214/200826.593:ERROR:directory_reader_win.cc(43)] FindFirstFile: ÏµÍ³ÕÒ²»µ½Ö¸¶¨µÄÂ·¾¶¡£ (0x3)
[1215/084217.688:ERROR:directory_reader_win.cc(43)] FindFirstFile: ÏµÍ³ÕÒ²»µ½Ö¸¶¨µÄÂ·¾¶¡£ (0x3)
<<<<<<< HEAD
[1216/084405.188:ERROR:directory_reader_win.cc(43)] FindFirstFile: ÏµÍ³ÕÒ²»µ½Ö¸¶¨µÄÂ·¾¶¡£ (0x3)
[1216/130434.727:ERROR:directory_reader_win.cc(43)] FindFirstFile: ÏµÍ³ÕÒ²»µ½Ö¸¶¨µÄÂ·¾¶¡£ (0x3)
=======
[1215/210100.301:ERROR:directory_reader_win.cc(43)] FindFirstFile: ÏµÍ³ÕÒ²»µ½Ö¸¶¨µÄÂ·¾¶¡£ (0x3)
[1216/125111.100:ERROR:directory_reader_win.cc(43)] FindFirstFile: ÏµÍ³ÕÒ²»µ½Ö¸¶¨µÄÂ·¾¶¡£ (0x3)
>>>>>>> c80b8101c7e20d5f7d60482c0b83ae4c6a85a711
[1216/141204.162:ERROR:directory_reader_win.cc(43)] FindFirstFile: ÏµÍ³ÕÒ²»µ½Ö¸¶¨µÄÂ·¾¶¡£ (0x3)
<<<<<<< HEAD
[1217/090350.274:ERROR:directory_reader_win.cc(43)] FindFirstFile: ÏµÍ³ÕÒ²»µ½Ö¸¶¨µÄÂ·¾¶¡£ (0x3)
[1217/104036.835:ERROR:directory_reader_win.cc(43)] FindFirstFile: ÏµÍ³ÕÒ²»µ½Ö¸¶¨µÄÂ·¾¶¡£ (0x3)
=======
[1216/194452.600:ERROR:directory_reader_win.cc(43)] FindFirstFile: ÏµÍ³ÕÒ²»µ½Ö¸¶¨µÄÂ·¾¶¡£ (0x3)
[1217/084447.717:ERROR:directory_reader_win.cc(43)] FindFirstFile: ÏµÍ³ÕÒ²»µ½Ö¸¶¨µÄÂ·¾¶¡£ (0x3)
>>>>>>> 2cab1b7c6c6993e7fc367027e909dd394b6e3e71
[1217/150613.176:ERROR:directory_reader_win.cc(43)] FindFirstFile: ÏµÍ³ÕÒ²»µ½Ö¸¶¨µÄÂ·¾¶¡£ (0x3)
[1217/160641.652:ERROR:directory_reader_win.cc(43)] FindFirstFile: ÏµÍ³ÕÒ²»µ½Ö¸¶¨µÄÂ·¾¶¡£ (0x3)
[1217/202509.552:ERROR:directory_reader_win.cc(43)] FindFirstFile: ÏµÍ³ÕÒ²»µ½Ö¸¶¨µÄÂ·¾¶¡£ (0x3)
[1217/205710.969:ERROR:directory_reader_win.cc(43)] FindFirstFile: ÏµÍ³ÕÒ²»µ½Ö¸¶¨µÄÂ·¾¶¡£ (0x3)
[1218/100903.146:ERROR:directory_reader_win.cc(43)] FindFirstFile: ÏµÍ³ÕÒ²»µ½Ö¸¶¨µÄÂ·¾¶¡£ (0x3)
[1218/130835.828:ERROR:directory_reader_win.cc(43)] FindFirstFile: ÏµÍ³ÕÒ²»µ½Ö¸¶¨µÄÂ·¾¶¡£ (0x3)
[1218/185934.767:ERROR:directory_reader_win.cc(43)] FindFirstFile: ÏµÍ³ÕÒ²»µ½Ö¸¶¨µÄÂ·¾¶¡£ (0x3)
[1218/234852.580:ERROR:directory_reader_win.cc(43)] FindFirstFile: ÏµÍ³ÕÒ²»µ½Ö¸¶¨µÄÂ·¾¶¡£ (0x3)
[1219/092843.574:ERROR:directory_reader_win.cc(43)] FindFirstFile: ÏµÍ³ÕÒ²»µ½Ö¸¶¨µÄÂ·¾¶¡£ (0x3)
[1219/111208.954:ERROR:directory_reader_win.cc(43)] FindFirstFile: ÏµÍ³ÕÒ²»µ½Ö¸¶¨µÄÂ·¾¶¡£ (0x3)
[0115/190507.277:ERROR:directory_reader_win.cc(43)] FindFirstFile: ÏµÍ³ÕÒ²»µ½Ö¸¶¨µÄÂ·¾¶¡£ (0x3)
[0115/223438.400:ERROR:directory_reader_win.cc(43)] FindFirstFile: ÏµÍ³ÕÒ²»µ½Ö¸¶¨µÄÂ·¾¶¡£ (0x3)
